<?xml version="1.0" encoding="UTF-8" ?>
<testsuite tests="80" failures="0" name="org.apache.commons.lang3.math.NumberUtilsTest" time="0.042" errors="0" skipped="0">
  <properties>
    <property name="java.runtime.name" value="OpenJDK Runtime Environment"/>
    <property name="sun.boot.library.path" value="/usr/lib/jvm/java-8-openjdk-amd64/jre/lib/amd64"/>
    <property name="java.vm.version" value="25.312-b07"/>
    <property name="java.vm.vendor" value="Private Build"/>
    <property name="maven.multiModuleProjectDirectory" value="/home/sepehr/test_generation/Lang3b"/>
    <property name="java.vendor.url" value="http://java.oracle.com/"/>
    <property name="path.separator" value=":"/>
    <property name="guice.disable.misplaced.annotation.check" value="true"/>
    <property name="java.vm.name" value="OpenJDK 64-Bit Server VM"/>
    <property name="file.encoding.pkg" value="sun.io"/>
    <property name="user.country" value="US"/>
    <property name="sun.java.launcher" value="SUN_STANDARD"/>
    <property name="sun.os.patch.level" value="unknown"/>
    <property name="java.vm.specification.name" value="Java Virtual Machine Specification"/>
    <property name="user.dir" value="/home/sepehr/test_generation/Lang3b"/>
    <property name="java.runtime.version" value="1.8.0_312-8u312-b07-0ubuntu1~20.04-b07"/>
    <property name="java.awt.graphicsenv" value="sun.awt.X11GraphicsEnvironment"/>
    <property name="java.endorsed.dirs" value="/usr/lib/jvm/java-8-openjdk-amd64/jre/lib/endorsed"/>
    <property name="os.arch" value="amd64"/>
    <property name="java.io.tmpdir" value="/tmp"/>
    <property name="line.separator" value="
"/>
    <property name="java.vm.specification.vendor" value="Oracle Corporation"/>
    <property name="os.name" value="Linux"/>
    <property name="clover.license.path" value="/tmp/mvn1463483831979462330resource"/>
    <property name="classworlds.conf" value="/usr/share/maven/bin/m2.conf"/>
    <property name="sun.jnu.encoding" value="UTF-8"/>
    <property name="java.library.path" value="/usr/java/packages/lib/amd64:/usr/lib/x86_64-linux-gnu/jni:/lib/x86_64-linux-gnu:/usr/lib/x86_64-linux-gnu:/usr/lib/jni:/lib:/usr/lib"/>
    <property name="maven.conf" value="/usr/share/maven/conf"/>
    <property name="java.specification.name" value="Java Platform API Specification"/>
    <property name="java.class.version" value="52.0"/>
    <property name="sun.management.compiler" value="HotSpot 64-Bit Tiered Compilers"/>
    <property name="os.version" value="5.13.0-40-generic"/>
    <property name="library.jansi.path" value="/usr/share/maven/lib/jansi-native"/>
    <property name="user.home" value="/home/sepehr"/>
    <property name="user.timezone" value="America/Edmonton"/>
    <property name="java.awt.printerjob" value="sun.print.PSPrinterJob"/>
    <property name="java.specification.version" value="1.8"/>
    <property name="file.encoding" value="UTF-8"/>
    <property name="user.name" value="sepehr"/>
    <property name="java.class.path" value="/usr/share/maven/boot/plexus-classworlds-2.x.jar"/>
    <property name="java.vm.specification.version" value="1.8"/>
    <property name="sun.arch.data.model" value="64"/>
    <property name="java.home" value="/usr/lib/jvm/java-8-openjdk-amd64/jre"/>
    <property name="sun.java.command" value="org.codehaus.plexus.classworlds.launcher.Launcher clean clover:instrument test clover:clover"/>
    <property name="java.specification.vendor" value="Oracle Corporation"/>
    <property name="user.language" value="en"/>
    <property name="awt.toolkit" value="sun.awt.X11.XToolkit"/>
    <property name="java.vm.info" value="mixed mode"/>
    <property name="java.version" value="1.8.0_312"/>
    <property name="java.ext.dirs" value="/usr/lib/jvm/java-8-openjdk-amd64/jre/lib/ext:/usr/java/packages/lib/ext"/>
    <property name="securerandom.source" value="file:/dev/./urandom"/>
    <property name="sun.boot.class.path" value="/usr/lib/jvm/java-8-openjdk-amd64/jre/lib/resources.jar:/usr/lib/jvm/java-8-openjdk-amd64/jre/lib/rt.jar:/usr/lib/jvm/java-8-openjdk-amd64/jre/lib/sunrsasign.jar:/usr/lib/jvm/java-8-openjdk-amd64/jre/lib/jsse.jar:/usr/lib/jvm/java-8-openjdk-amd64/jre/lib/jce.jar:/usr/lib/jvm/java-8-openjdk-amd64/jre/lib/charsets.jar:/usr/lib/jvm/java-8-openjdk-amd64/jre/lib/jfr.jar:/usr/lib/jvm/java-8-openjdk-amd64/jre/classes"/>
    <property name="java.vendor" value="Private Build"/>
    <property name="maven.home" value="/usr/share/maven"/>
    <property name="file.separator" value="/"/>
    <property name="java.vendor.url.bug" value="http://bugreport.sun.com/bugreport/"/>
    <property name="sun.cpu.endian" value="little"/>
    <property name="sun.io.unicode.encoding" value="UnicodeLittle"/>
    <property name="sun.desktop" value="gnome"/>
    <property name="sun.cpu.isalist" value=""/>
  </properties>
  <testcase classname="org.apache.commons.lang3.math.NumberUtilsTest" name="testMaximumDouble" time="0.006"/>
  <testcase classname="org.apache.commons.lang3.math.NumberUtilsTest" name="testToFloatStringF" time="0"/>
  <testcase classname="org.apache.commons.lang3.math.NumberUtilsTest" name="testMinDouble_emptyArray" time="0.001"/>
  <testcase classname="org.apache.commons.lang3.math.NumberUtilsTest" name="testMinimumFloat" time="0"/>
  <testcase classname="org.apache.commons.lang3.math.NumberUtilsTest" name="testMinimumShort" time="0"/>
  <testcase classname="org.apache.commons.lang3.math.NumberUtilsTest" name="testMinLong_nullArray" time="0.001"/>
  <testcase classname="org.apache.commons.lang3.math.NumberUtilsTest" name="testCreateNumber" time="0.002"/>
  <testcase classname="org.apache.commons.lang3.math.NumberUtilsTest" name="testToLongString" time="0"/>
  <testcase classname="org.apache.commons.lang3.math.NumberUtilsTest" name="testMaxByte_emptyArray" time="0"/>
  <testcase classname="org.apache.commons.lang3.math.NumberUtilsTest" name="testToIntStringI" time="0"/>
  <testcase classname="org.apache.commons.lang3.math.NumberUtilsTest" name="testMaxShort_nullArray" time="0.001"/>
  <testcase classname="org.apache.commons.lang3.math.NumberUtilsTest" name="testToIntString" time="0"/>
  <testcase classname="org.apache.commons.lang3.math.NumberUtilsTest" name="testMinShort_emptyArray" time="0.001"/>
  <testcase classname="org.apache.commons.lang3.math.NumberUtilsTest" name="testCreateFloat" time="0"/>
  <testcase classname="org.apache.commons.lang3.math.NumberUtilsTest" name="testMaxShort_emptyArray" time="0"/>
  <testcase classname="org.apache.commons.lang3.math.NumberUtilsTest" name="testMinimumInt" time="0.001"/>
  <testcase classname="org.apache.commons.lang3.math.NumberUtilsTest" name="testMinDouble_nullArray" time="0.001"/>
  <testcase classname="org.apache.commons.lang3.math.NumberUtilsTest" name="testMaxDouble_nullArray" time="0"/>
  <testcase classname="org.apache.commons.lang3.math.NumberUtilsTest" name="testMaxDouble_emptyArray" time="0"/>
  <testcase classname="org.apache.commons.lang3.math.NumberUtilsTest" name="testMaxInt_emptyArray" time="0.001"/>
  <testcase classname="org.apache.commons.lang3.math.NumberUtilsTest" name="testMaxLong_emptyArray" time="0"/>
  <testcase classname="org.apache.commons.lang3.math.NumberUtilsTest" name="testToByteStringI" time="0"/>
  <testcase classname="org.apache.commons.lang3.math.NumberUtilsTest" name="testToFloatString" time="0.001"/>
  <testcase classname="org.apache.commons.lang3.math.NumberUtilsTest" name="testMinFloat_emptyArray" time="0"/>
  <testcase classname="org.apache.commons.lang3.math.NumberUtilsTest" name="testMinFloat" time="0.001"/>
  <testcase classname="org.apache.commons.lang3.math.NumberUtilsTest" name="testMaxFloat_emptyArray" time="0"/>
  <testcase classname="org.apache.commons.lang3.math.NumberUtilsTest" name="testMinShort" time="0"/>
  <testcase classname="org.apache.commons.lang3.math.NumberUtilsTest" name="testCreateNumberMagnitude" time="0.001"/>
  <testcase classname="org.apache.commons.lang3.math.NumberUtilsTest" name="testMinFloat_nullArray" time="0.001"/>
  <testcase classname="org.apache.commons.lang3.math.NumberUtilsTest" name="testToByteString" time="0"/>
  <testcase classname="org.apache.commons.lang3.math.NumberUtilsTest" name="testLang300" time="0"/>
  <testcase classname="org.apache.commons.lang3.math.NumberUtilsTest" name="testLang381" time="0"/>
  <testcase classname="org.apache.commons.lang3.math.NumberUtilsTest" name="testMaxDouble" time="0"/>
  <testcase classname="org.apache.commons.lang3.math.NumberUtilsTest" name="testMinimumDouble" time="0.001"/>
  <testcase classname="org.apache.commons.lang3.math.NumberUtilsTest" name="testMaxLong_nullArray" time="0"/>
  <testcase classname="org.apache.commons.lang3.math.NumberUtilsTest" name="testIsDigits" time="0"/>
  <testcase classname="org.apache.commons.lang3.math.NumberUtilsTest" name="testMinByte_nullArray" time="0.001"/>
  <testcase classname="org.apache.commons.lang3.math.NumberUtilsTest" name="testCreateBigDecimal" time="0"/>
  <testcase classname="org.apache.commons.lang3.math.NumberUtilsTest" name="testConstants" time="0"/>
  <testcase classname="org.apache.commons.lang3.math.NumberUtilsTest" name="testCompareDouble" time="0.001"/>
  <testcase classname="org.apache.commons.lang3.math.NumberUtilsTest" name="testMinimumByte" time="0"/>
  <testcase classname="org.apache.commons.lang3.math.NumberUtilsTest" name="testMinimumLong" time="0"/>
  <testcase classname="org.apache.commons.lang3.math.NumberUtilsTest" name="testIsNumber" time="0.001"/>
  <testcase classname="org.apache.commons.lang3.math.NumberUtilsTest" name="testMinDouble" time="0.001"/>
  <testcase classname="org.apache.commons.lang3.math.NumberUtilsTest" name="testMaxByte" time="0"/>
  <testcase classname="org.apache.commons.lang3.math.NumberUtilsTest" name="testMaxLong" time="0"/>
  <testcase classname="org.apache.commons.lang3.math.NumberUtilsTest" name="testMaxFloat_nullArray" time="0"/>
  <testcase classname="org.apache.commons.lang3.math.NumberUtilsTest" name="testCreateBigInteger" time="0"/>
  <testcase classname="org.apache.commons.lang3.math.NumberUtilsTest" name="testCreateLong" time="0.001"/>
  <testcase classname="org.apache.commons.lang3.math.NumberUtilsTest" name="testMinByte" time="0"/>
  <testcase classname="org.apache.commons.lang3.math.NumberUtilsTest" name="testMinLong" time="0.001"/>
  <testcase classname="org.apache.commons.lang3.math.NumberUtilsTest" name="testMaximumInt" time="0"/>
  <testcase classname="org.apache.commons.lang3.math.NumberUtilsTest" name="testCreateNumberFailure_1" time="0.001"/>
  <testcase classname="org.apache.commons.lang3.math.NumberUtilsTest" name="testCreateNumberFailure_2" time="0"/>
  <testcase classname="org.apache.commons.lang3.math.NumberUtilsTest" name="testCreateNumberFailure_3" time="0"/>
  <testcase classname="org.apache.commons.lang3.math.NumberUtilsTest" name="testCreateNumberFailure_4" time="0.001"/>
  <testcase classname="org.apache.commons.lang3.math.NumberUtilsTest" name="testMaximumByte" time="0"/>
  <testcase classname="org.apache.commons.lang3.math.NumberUtilsTest" name="testMaximumLong" time="0.007"/>
  <testcase classname="org.apache.commons.lang3.math.NumberUtilsTest" name="testMaxFloat" time="0"/>
  <testcase classname="org.apache.commons.lang3.math.NumberUtilsTest" name="testMaxShort" time="0.001"/>
  <testcase classname="org.apache.commons.lang3.math.NumberUtilsTest" name="testCompareFloat" time="0"/>
  <testcase classname="org.apache.commons.lang3.math.NumberUtilsTest" name="testMinInt_emptyArray" time="0"/>
  <testcase classname="org.apache.commons.lang3.math.NumberUtilsTest" name="testMinByte_emptyArray" time="0.001"/>
  <testcase classname="org.apache.commons.lang3.math.NumberUtilsTest" name="testMaxInt" time="0"/>
  <testcase classname="org.apache.commons.lang3.math.NumberUtilsTest" name="testMinInt" time="0"/>
  <testcase classname="org.apache.commons.lang3.math.NumberUtilsTest" name="testMinInt_nullArray" time="0.001"/>
  <testcase classname="org.apache.commons.lang3.math.NumberUtilsTest" name="testMinShort_nullArray" time="0"/>
  <testcase classname="org.apache.commons.lang3.math.NumberUtilsTest" name="testMaxInt_nullArray" time="0"/>
  <testcase classname="org.apache.commons.lang3.math.NumberUtilsTest" name="testStringToDoubleString" time="0.001"/>
  <testcase classname="org.apache.commons.lang3.math.NumberUtilsTest" name="testMaximumFloat" time="0"/>
  <testcase classname="org.apache.commons.lang3.math.NumberUtilsTest" name="testMaximumShort" time="0"/>
  <testcase classname="org.apache.commons.lang3.math.NumberUtilsTest" name="testToShortStringI" time="0.001"/>
  <testcase classname="org.apache.commons.lang3.math.NumberUtilsTest" name="testCreateInteger" time="0"/>
  <testcase classname="org.apache.commons.lang3.math.NumberUtilsTest" name="testToLongStringL" time="0"/>
  <testcase classname="org.apache.commons.lang3.math.NumberUtilsTest" name="testStringToDoubleStringD" time="0"/>
  <testcase classname="org.apache.commons.lang3.math.NumberUtilsTest" name="testToShortString" time="0.001"/>
  <testcase classname="org.apache.commons.lang3.math.NumberUtilsTest" name="testConstructor" time="0"/>
  <testcase classname="org.apache.commons.lang3.math.NumberUtilsTest" name="testMaxByte_nullArray" time="0"/>
  <testcase classname="org.apache.commons.lang3.math.NumberUtilsTest" name="testCreateDouble" time="0.001"/>
  <testcase classname="org.apache.commons.lang3.math.NumberUtilsTest" name="testMinLong_emptyArray" time="0"/>
</testsuite>