<?xml version="1.0" encoding="UTF-8" ?>
<testsuite tests="74" failures="0" name="org.apache.commons.lang3.builder.ToStringBuilderTest" time="0.028" errors="0" skipped="0">
  <properties>
    <property name="java.runtime.name" value="OpenJDK Runtime Environment"/>
    <property name="sun.boot.library.path" value="/usr/lib/jvm/java-8-openjdk-amd64/jre/lib/amd64"/>
    <property name="java.vm.version" value="25.312-b07"/>
    <property name="java.vm.vendor" value="Private Build"/>
    <property name="maven.multiModuleProjectDirectory" value="/home/sepehr/test_generation/Lang3b"/>
    <property name="java.vendor.url" value="http://java.oracle.com/"/>
    <property name="path.separator" value=":"/>
    <property name="guice.disable.misplaced.annotation.check" value="true"/>
    <property name="java.vm.name" value="OpenJDK 64-Bit Server VM"/>
    <property name="file.encoding.pkg" value="sun.io"/>
    <property name="user.country" value="US"/>
    <property name="sun.java.launcher" value="SUN_STANDARD"/>
    <property name="sun.os.patch.level" value="unknown"/>
    <property name="java.vm.specification.name" value="Java Virtual Machine Specification"/>
    <property name="user.dir" value="/home/sepehr/test_generation/Lang3b"/>
    <property name="java.runtime.version" value="1.8.0_312-8u312-b07-0ubuntu1~20.04-b07"/>
    <property name="java.awt.graphicsenv" value="sun.awt.X11GraphicsEnvironment"/>
    <property name="java.endorsed.dirs" value="/usr/lib/jvm/java-8-openjdk-amd64/jre/lib/endorsed"/>
    <property name="os.arch" value="amd64"/>
    <property name="java.io.tmpdir" value="/tmp"/>
    <property name="line.separator" value="
"/>
    <property name="java.vm.specification.vendor" value="Oracle Corporation"/>
    <property name="os.name" value="Linux"/>
    <property name="clover.license.path" value="/tmp/mvn1463483831979462330resource"/>
    <property name="classworlds.conf" value="/usr/share/maven/bin/m2.conf"/>
    <property name="sun.jnu.encoding" value="UTF-8"/>
    <property name="java.library.path" value="/usr/java/packages/lib/amd64:/usr/lib/x86_64-linux-gnu/jni:/lib/x86_64-linux-gnu:/usr/lib/x86_64-linux-gnu:/usr/lib/jni:/lib:/usr/lib"/>
    <property name="maven.conf" value="/usr/share/maven/conf"/>
    <property name="java.specification.name" value="Java Platform API Specification"/>
    <property name="java.class.version" value="52.0"/>
    <property name="sun.management.compiler" value="HotSpot 64-Bit Tiered Compilers"/>
    <property name="os.version" value="5.13.0-40-generic"/>
    <property name="library.jansi.path" value="/usr/share/maven/lib/jansi-native"/>
    <property name="user.home" value="/home/sepehr"/>
    <property name="user.timezone" value="America/Edmonton"/>
    <property name="java.awt.printerjob" value="sun.print.PSPrinterJob"/>
    <property name="java.specification.version" value="1.8"/>
    <property name="file.encoding" value="UTF-8"/>
    <property name="user.name" value="sepehr"/>
    <property name="java.class.path" value="/usr/share/maven/boot/plexus-classworlds-2.x.jar"/>
    <property name="java.vm.specification.version" value="1.8"/>
    <property name="sun.arch.data.model" value="64"/>
    <property name="java.home" value="/usr/lib/jvm/java-8-openjdk-amd64/jre"/>
    <property name="sun.java.command" value="org.codehaus.plexus.classworlds.launcher.Launcher clean clover:instrument test clover:clover"/>
    <property name="java.specification.vendor" value="Oracle Corporation"/>
    <property name="user.language" value="en"/>
    <property name="awt.toolkit" value="sun.awt.X11.XToolkit"/>
    <property name="java.vm.info" value="mixed mode"/>
    <property name="java.version" value="1.8.0_312"/>
    <property name="java.ext.dirs" value="/usr/lib/jvm/java-8-openjdk-amd64/jre/lib/ext:/usr/java/packages/lib/ext"/>
    <property name="securerandom.source" value="file:/dev/./urandom"/>
    <property name="sun.boot.class.path" value="/usr/lib/jvm/java-8-openjdk-amd64/jre/lib/resources.jar:/usr/lib/jvm/java-8-openjdk-amd64/jre/lib/rt.jar:/usr/lib/jvm/java-8-openjdk-amd64/jre/lib/sunrsasign.jar:/usr/lib/jvm/java-8-openjdk-amd64/jre/lib/jsse.jar:/usr/lib/jvm/java-8-openjdk-amd64/jre/lib/jce.jar:/usr/lib/jvm/java-8-openjdk-amd64/jre/lib/charsets.jar:/usr/lib/jvm/java-8-openjdk-amd64/jre/lib/jfr.jar:/usr/lib/jvm/java-8-openjdk-amd64/jre/classes"/>
    <property name="java.vendor" value="Private Build"/>
    <property name="maven.home" value="/usr/share/maven"/>
    <property name="file.separator" value="/"/>
    <property name="java.vendor.url.bug" value="http://bugreport.sun.com/bugreport/"/>
    <property name="sun.cpu.endian" value="little"/>
    <property name="sun.io.unicode.encoding" value="UnicodeLittle"/>
    <property name="sun.desktop" value="gnome"/>
    <property name="sun.cpu.isalist" value=""/>
  </properties>
  <testcase classname="org.apache.commons.lang3.builder.ToStringBuilderTest" name="test_setUpToClass_valid" time="0.001"/>
  <testcase classname="org.apache.commons.lang3.builder.ToStringBuilderTest" name="testCharArray" time="0.003"/>
  <testcase classname="org.apache.commons.lang3.builder.ToStringBuilderTest" name="testReflectionHierarchyArrayList" time="0"/>
  <testcase classname="org.apache.commons.lang3.builder.ToStringBuilderTest" name="testReflectionNull" time="0"/>
  <testcase classname="org.apache.commons.lang3.builder.ToStringBuilderTest" name="testDoubleArrayArray" time="0"/>
  <testcase classname="org.apache.commons.lang3.builder.ToStringBuilderTest" name="testReflectionBoolean" time="0"/>
  <testcase classname="org.apache.commons.lang3.builder.ToStringBuilderTest" name="testObjectArray" time="0"/>
  <testcase classname="org.apache.commons.lang3.builder.ToStringBuilderTest" name="testObjectBuild" time="0"/>
  <testcase classname="org.apache.commons.lang3.builder.ToStringBuilderTest" name="testObjectCycle" time="0.001"/>
  <testcase classname="org.apache.commons.lang3.builder.ToStringBuilderTest" name="testReflectionHierarchy" time="0.001"/>
  <testcase classname="org.apache.commons.lang3.builder.ToStringBuilderTest" name="testSelfInstanceTwoVarsReflectionObjectCycle" time="0.001"/>
  <testcase classname="org.apache.commons.lang3.builder.ToStringBuilderTest" name="testAppendToStringUsingMultiLineStyle" time="0"/>
  <testcase classname="org.apache.commons.lang3.builder.ToStringBuilderTest" name="testShortArrayArray" time="0.001"/>
  <testcase classname="org.apache.commons.lang3.builder.ToStringBuilderTest" name="testBooleanArrayArray" time="0"/>
  <testcase classname="org.apache.commons.lang3.builder.ToStringBuilderTest" name="testFloatArray" time="0"/>
  <testcase classname="org.apache.commons.lang3.builder.ToStringBuilderTest" name="testInt" time="0.001"/>
  <testcase classname="org.apache.commons.lang3.builder.ToStringBuilderTest" name="testByteArray" time="0"/>
  <testcase classname="org.apache.commons.lang3.builder.ToStringBuilderTest" name="testReflectionArrayCycle" time="0.001"/>
  <testcase classname="org.apache.commons.lang3.builder.ToStringBuilderTest" name="testReflectionLongArrayArray" time="0"/>
  <testcase classname="org.apache.commons.lang3.builder.ToStringBuilderTest" name="testBlank" time="0"/>
  <testcase classname="org.apache.commons.lang3.builder.ToStringBuilderTest" name="testFloat" time="0"/>
  <testcase classname="org.apache.commons.lang3.builder.ToStringBuilderTest" name="testShort" time="0.001"/>
  <testcase classname="org.apache.commons.lang3.builder.ToStringBuilderTest" name="testReflectionArrayArrayCycle" time="0"/>
  <testcase classname="org.apache.commons.lang3.builder.ToStringBuilderTest" name="testByte" time="0"/>
  <testcase classname="org.apache.commons.lang3.builder.ToStringBuilderTest" name="testChar" time="0.001"/>
  <testcase classname="org.apache.commons.lang3.builder.ToStringBuilderTest" name="testLong" time="0"/>
  <testcase classname="org.apache.commons.lang3.builder.ToStringBuilderTest" name="testReflectionFloatArray" time="0"/>
  <testcase classname="org.apache.commons.lang3.builder.ToStringBuilderTest" name="testLongArrayArray" time="0"/>
  <testcase classname="org.apache.commons.lang3.builder.ToStringBuilderTest" name="test_setUpToClass_invalid" time="0.001"/>
  <testcase classname="org.apache.commons.lang3.builder.ToStringBuilderTest" name="testBoolean" time="0"/>
  <testcase classname="org.apache.commons.lang3.builder.ToStringBuilderTest" name="testReflectionDoubleArrayArray" time="0"/>
  <testcase classname="org.apache.commons.lang3.builder.ToStringBuilderTest" name="testReflectionBooleanArray" time="0"/>
  <testcase classname="org.apache.commons.lang3.builder.ToStringBuilderTest" name="testReflectionInteger" time="0"/>
  <testcase classname="org.apache.commons.lang3.builder.ToStringBuilderTest" name="testBooleanArray" time="0.001"/>
  <testcase classname="org.apache.commons.lang3.builder.ToStringBuilderTest" name="testFloatArrayArray" time="0"/>
  <testcase classname="org.apache.commons.lang3.builder.ToStringBuilderTest" name="testReflectionyteArray" time="0"/>
  <testcase classname="org.apache.commons.lang3.builder.ToStringBuilderTest" name="testReflectionDoubleArray" time="0"/>
  <testcase classname="org.apache.commons.lang3.builder.ToStringBuilderTest" name="testReflectionIntArrayArray" time="0.001"/>
  <testcase classname="org.apache.commons.lang3.builder.ToStringBuilderTest" name="testSimpleReflectionStatics" time="0"/>
  <testcase classname="org.apache.commons.lang3.builder.ToStringBuilderTest" name="testReflectionStatics" time="0.001"/>
  <testcase classname="org.apache.commons.lang3.builder.ToStringBuilderTest" name="testReflectionLongArray" time="0"/>
  <testcase classname="org.apache.commons.lang3.builder.ToStringBuilderTest" name="testReflectionhortArrayArray" time="0.001"/>
  <testcase classname="org.apache.commons.lang3.builder.ToStringBuilderTest" name="testConstructorEx1" time="0"/>
  <testcase classname="org.apache.commons.lang3.builder.ToStringBuilderTest" name="testConstructorEx2" time="0"/>
  <testcase classname="org.apache.commons.lang3.builder.ToStringBuilderTest" name="testConstructorEx3" time="0"/>
  <testcase classname="org.apache.commons.lang3.builder.ToStringBuilderTest" name="testReflectionObjectArray" time="0"/>
  <testcase classname="org.apache.commons.lang3.builder.ToStringBuilderTest" name="testReflectionObjectCycle" time="0.001"/>
  <testcase classname="org.apache.commons.lang3.builder.ToStringBuilderTest" name="testReflectionBooleanArrayArray" time="0"/>
  <testcase classname="org.apache.commons.lang3.builder.ToStringBuilderTest" name="testLongArray" time="0.001"/>
  <testcase classname="org.apache.commons.lang3.builder.ToStringBuilderTest" name="testSimpleReflectionObjectCycle" time="0"/>
  <testcase classname="org.apache.commons.lang3.builder.ToStringBuilderTest" name="testShortArray" time="0"/>
  <testcase classname="org.apache.commons.lang3.builder.ToStringBuilderTest" name="testIntArrayArray" time="0.001"/>
  <testcase classname="org.apache.commons.lang3.builder.ToStringBuilderTest" name="testInheritedReflectionStatics" time="0"/>
  <testcase classname="org.apache.commons.lang3.builder.ToStringBuilderTest" name="testReflectionByteArrayArray" time="0"/>
  <testcase classname="org.apache.commons.lang3.builder.ToStringBuilderTest" name="testReflectionArrayCycleLevel2" time="0.001"/>
  <testcase classname="org.apache.commons.lang3.builder.ToStringBuilderTest" name="testAppendToString" time="0"/>
  <testcase classname="org.apache.commons.lang3.builder.ToStringBuilderTest" name="testReflectionArrayAndObjectCycle" time="0"/>
  <testcase classname="org.apache.commons.lang3.builder.ToStringBuilderTest" name="testSetDefaultEx" time="0.001"/>
  <testcase classname="org.apache.commons.lang3.builder.ToStringBuilderTest" name="testReflectionCharArrayArray" time="0"/>
  <testcase classname="org.apache.commons.lang3.builder.ToStringBuilderTest" name="testIntArray" time="0"/>
  <testcase classname="org.apache.commons.lang3.builder.ToStringBuilderTest" name="testDouble" time="0"/>
  <testcase classname="org.apache.commons.lang3.builder.ToStringBuilderTest" name="testByteArrayArray" time="0.001"/>
  <testcase classname="org.apache.commons.lang3.builder.ToStringBuilderTest" name="testReflectionShortArray" time="0"/>
  <testcase classname="org.apache.commons.lang3.builder.ToStringBuilderTest" name="testCharArrayArray" time="0"/>
  <testcase classname="org.apache.commons.lang3.builder.ToStringBuilderTest" name="testSelfInstanceVarReflectionObjectCycle" time="0.001"/>
  <testcase classname="org.apache.commons.lang3.builder.ToStringBuilderTest" name="testObject" time="0"/>
  <testcase classname="org.apache.commons.lang3.builder.ToStringBuilderTest" name="testAppendSuper" time="0.001"/>
  <testcase classname="org.apache.commons.lang3.builder.ToStringBuilderTest" name="testReflectionIntArray" time="0"/>
  <testcase classname="org.apache.commons.lang3.builder.ToStringBuilderTest" name="testReflectionCharArray" time="0.001"/>
  <testcase classname="org.apache.commons.lang3.builder.ToStringBuilderTest" name="testGetSetDefault" time="0"/>
  <testcase classname="org.apache.commons.lang3.builder.ToStringBuilderTest" name="testInnerClassReflection" time="0.001"/>
  <testcase classname="org.apache.commons.lang3.builder.ToStringBuilderTest" name="testReflectionCharacter" time="0"/>
  <testcase classname="org.apache.commons.lang3.builder.ToStringBuilderTest" name="testDoubleArray" time="0.001"/>
  <testcase classname="org.apache.commons.lang3.builder.ToStringBuilderTest" name="testReflectionFloatArrayArray" time="0"/>
</testsuite>