<?xml version="1.0" encoding="UTF-8" ?>
<testsuite tests="42" failures="0" name="org.apache.commons.lang3.builder.HashCodeBuilderTest" time="0.014" errors="0" skipped="0">
  <properties>
    <property name="java.runtime.name" value="OpenJDK Runtime Environment"/>
    <property name="sun.boot.library.path" value="/usr/lib/jvm/java-8-openjdk-amd64/jre/lib/amd64"/>
    <property name="java.vm.version" value="25.312-b07"/>
    <property name="java.vm.vendor" value="Private Build"/>
    <property name="maven.multiModuleProjectDirectory" value="/home/sepehr/test_generation/Lang3b"/>
    <property name="java.vendor.url" value="http://java.oracle.com/"/>
    <property name="path.separator" value=":"/>
    <property name="guice.disable.misplaced.annotation.check" value="true"/>
    <property name="java.vm.name" value="OpenJDK 64-Bit Server VM"/>
    <property name="file.encoding.pkg" value="sun.io"/>
    <property name="user.country" value="US"/>
    <property name="sun.java.launcher" value="SUN_STANDARD"/>
    <property name="sun.os.patch.level" value="unknown"/>
    <property name="java.vm.specification.name" value="Java Virtual Machine Specification"/>
    <property name="user.dir" value="/home/sepehr/test_generation/Lang3b"/>
    <property name="java.runtime.version" value="1.8.0_312-8u312-b07-0ubuntu1~20.04-b07"/>
    <property name="java.awt.graphicsenv" value="sun.awt.X11GraphicsEnvironment"/>
    <property name="java.endorsed.dirs" value="/usr/lib/jvm/java-8-openjdk-amd64/jre/lib/endorsed"/>
    <property name="os.arch" value="amd64"/>
    <property name="java.io.tmpdir" value="/tmp"/>
    <property name="line.separator" value="
"/>
    <property name="java.vm.specification.vendor" value="Oracle Corporation"/>
    <property name="os.name" value="Linux"/>
    <property name="clover.license.path" value="/tmp/mvn1463483831979462330resource"/>
    <property name="classworlds.conf" value="/usr/share/maven/bin/m2.conf"/>
    <property name="sun.jnu.encoding" value="UTF-8"/>
    <property name="java.library.path" value="/usr/java/packages/lib/amd64:/usr/lib/x86_64-linux-gnu/jni:/lib/x86_64-linux-gnu:/usr/lib/x86_64-linux-gnu:/usr/lib/jni:/lib:/usr/lib"/>
    <property name="maven.conf" value="/usr/share/maven/conf"/>
    <property name="java.specification.name" value="Java Platform API Specification"/>
    <property name="java.class.version" value="52.0"/>
    <property name="sun.management.compiler" value="HotSpot 64-Bit Tiered Compilers"/>
    <property name="os.version" value="5.13.0-40-generic"/>
    <property name="library.jansi.path" value="/usr/share/maven/lib/jansi-native"/>
    <property name="user.home" value="/home/sepehr"/>
    <property name="user.timezone" value="America/Edmonton"/>
    <property name="java.awt.printerjob" value="sun.print.PSPrinterJob"/>
    <property name="java.specification.version" value="1.8"/>
    <property name="file.encoding" value="UTF-8"/>
    <property name="user.name" value="sepehr"/>
    <property name="java.class.path" value="/usr/share/maven/boot/plexus-classworlds-2.x.jar"/>
    <property name="java.vm.specification.version" value="1.8"/>
    <property name="sun.arch.data.model" value="64"/>
    <property name="java.home" value="/usr/lib/jvm/java-8-openjdk-amd64/jre"/>
    <property name="sun.java.command" value="org.codehaus.plexus.classworlds.launcher.Launcher clean clover:instrument test clover:clover"/>
    <property name="java.specification.vendor" value="Oracle Corporation"/>
    <property name="user.language" value="en"/>
    <property name="awt.toolkit" value="sun.awt.X11.XToolkit"/>
    <property name="java.vm.info" value="mixed mode"/>
    <property name="java.version" value="1.8.0_312"/>
    <property name="java.ext.dirs" value="/usr/lib/jvm/java-8-openjdk-amd64/jre/lib/ext:/usr/java/packages/lib/ext"/>
    <property name="securerandom.source" value="file:/dev/./urandom"/>
    <property name="sun.boot.class.path" value="/usr/lib/jvm/java-8-openjdk-amd64/jre/lib/resources.jar:/usr/lib/jvm/java-8-openjdk-amd64/jre/lib/rt.jar:/usr/lib/jvm/java-8-openjdk-amd64/jre/lib/sunrsasign.jar:/usr/lib/jvm/java-8-openjdk-amd64/jre/lib/jsse.jar:/usr/lib/jvm/java-8-openjdk-amd64/jre/lib/jce.jar:/usr/lib/jvm/java-8-openjdk-amd64/jre/lib/charsets.jar:/usr/lib/jvm/java-8-openjdk-amd64/jre/lib/jfr.jar:/usr/lib/jvm/java-8-openjdk-amd64/jre/classes"/>
    <property name="java.vendor" value="Private Build"/>
    <property name="maven.home" value="/usr/share/maven"/>
    <property name="file.separator" value="/"/>
    <property name="java.vendor.url.bug" value="http://bugreport.sun.com/bugreport/"/>
    <property name="sun.cpu.endian" value="little"/>
    <property name="sun.io.unicode.encoding" value="UnicodeLittle"/>
    <property name="sun.desktop" value="gnome"/>
    <property name="sun.cpu.isalist" value=""/>
  </properties>
  <testcase classname="org.apache.commons.lang3.builder.HashCodeBuilderTest" name="testCharArray" time="0"/>
  <testcase classname="org.apache.commons.lang3.builder.HashCodeBuilderTest" name="testObjectArray" time="0"/>
  <testcase classname="org.apache.commons.lang3.builder.HashCodeBuilderTest" name="testObjectBuild" time="0"/>
  <testcase classname="org.apache.commons.lang3.builder.HashCodeBuilderTest" name="testCharArrayAsObject" time="0"/>
  <testcase classname="org.apache.commons.lang3.builder.HashCodeBuilderTest" name="testFloatArray" time="0"/>
  <testcase classname="org.apache.commons.lang3.builder.HashCodeBuilderTest" name="testInt" time="0"/>
  <testcase classname="org.apache.commons.lang3.builder.HashCodeBuilderTest" name="testByteArray" time="0"/>
  <testcase classname="org.apache.commons.lang3.builder.HashCodeBuilderTest" name="testFloat" time="0"/>
  <testcase classname="org.apache.commons.lang3.builder.HashCodeBuilderTest" name="testShort" time="0"/>
  <testcase classname="org.apache.commons.lang3.builder.HashCodeBuilderTest" name="testSuper" time="0"/>
  <testcase classname="org.apache.commons.lang3.builder.HashCodeBuilderTest" name="testByte" time="0.003"/>
  <testcase classname="org.apache.commons.lang3.builder.HashCodeBuilderTest" name="testChar" time="0"/>
  <testcase classname="org.apache.commons.lang3.builder.HashCodeBuilderTest" name="testLong" time="0"/>
  <testcase classname="org.apache.commons.lang3.builder.HashCodeBuilderTest" name="testFloatArrayAsObject" time="0"/>
  <testcase classname="org.apache.commons.lang3.builder.HashCodeBuilderTest" name="testIntArrayAsObject" time="0"/>
  <testcase classname="org.apache.commons.lang3.builder.HashCodeBuilderTest" name="testReflectionHashCodeEx1" time="0"/>
  <testcase classname="org.apache.commons.lang3.builder.HashCodeBuilderTest" name="testReflectionHashCodeEx2" time="0"/>
  <testcase classname="org.apache.commons.lang3.builder.HashCodeBuilderTest" name="testReflectionHashCodeEx3" time="0"/>
  <testcase classname="org.apache.commons.lang3.builder.HashCodeBuilderTest" name="testBoolean" time="0"/>
  <testcase classname="org.apache.commons.lang3.builder.HashCodeBuilderTest" name="testBooleanArray" time="0.004"/>
  <testcase classname="org.apache.commons.lang3.builder.HashCodeBuilderTest" name="testDoubleArrayAsObject" time="0"/>
  <testcase classname="org.apache.commons.lang3.builder.HashCodeBuilderTest" name="testReflectionHierarchyHashCodeEx1" time="0"/>
  <testcase classname="org.apache.commons.lang3.builder.HashCodeBuilderTest" name="testReflectionHierarchyHashCodeEx2" time="0"/>
  <testcase classname="org.apache.commons.lang3.builder.HashCodeBuilderTest" name="testConstructorEx1" time="0"/>
  <testcase classname="org.apache.commons.lang3.builder.HashCodeBuilderTest" name="testConstructorEx2" time="0"/>
  <testcase classname="org.apache.commons.lang3.builder.HashCodeBuilderTest" name="testReflectionObjectCycle" time="0"/>
  <testcase classname="org.apache.commons.lang3.builder.HashCodeBuilderTest" name="testReflectionHierarchyHashCode" time="0"/>
  <testcase classname="org.apache.commons.lang3.builder.HashCodeBuilderTest" name="testObjectArrayAsObject" time="0"/>
  <testcase classname="org.apache.commons.lang3.builder.HashCodeBuilderTest" name="testBooleanMultiArray" time="0"/>
  <testcase classname="org.apache.commons.lang3.builder.HashCodeBuilderTest" name="testLongArray" time="0"/>
  <testcase classname="org.apache.commons.lang3.builder.HashCodeBuilderTest" name="testShortArray" time="0"/>
  <testcase classname="org.apache.commons.lang3.builder.HashCodeBuilderTest" name="testIntArray" time="0"/>
  <testcase classname="org.apache.commons.lang3.builder.HashCodeBuilderTest" name="testDouble" time="0"/>
  <testcase classname="org.apache.commons.lang3.builder.HashCodeBuilderTest" name="testToHashCodeEqualsHashCode" time="0"/>
  <testcase classname="org.apache.commons.lang3.builder.HashCodeBuilderTest" name="testReflectionHashCode" time="0"/>
  <testcase classname="org.apache.commons.lang3.builder.HashCodeBuilderTest" name="testObject" time="0"/>
  <testcase classname="org.apache.commons.lang3.builder.HashCodeBuilderTest" name="testLongArrayAsObject" time="0.001"/>
  <testcase classname="org.apache.commons.lang3.builder.HashCodeBuilderTest" name="testByteArrayAsObject" time="0"/>
  <testcase classname="org.apache.commons.lang3.builder.HashCodeBuilderTest" name="testReflectionHashCodeExcludeFields" time="0.006"/>
  <testcase classname="org.apache.commons.lang3.builder.HashCodeBuilderTest" name="testShortArrayAsObject" time="0"/>
  <testcase classname="org.apache.commons.lang3.builder.HashCodeBuilderTest" name="testDoubleArray" time="0"/>
  <testcase classname="org.apache.commons.lang3.builder.HashCodeBuilderTest" name="testBooleanArrayAsObject" time="0"/>
</testsuite>