<?xml version="1.0" encoding="UTF-8" ?>
<testsuite tests="99" failures="0" name="org.apache.commons.lang3.StringUtilsTest" time="0.133" errors="0" skipped="0">
  <properties>
    <property name="java.runtime.name" value="OpenJDK Runtime Environment"/>
    <property name="sun.boot.library.path" value="/usr/lib/jvm/java-8-openjdk-amd64/jre/lib/amd64"/>
    <property name="java.vm.version" value="25.312-b07"/>
    <property name="java.vm.vendor" value="Private Build"/>
    <property name="maven.multiModuleProjectDirectory" value="/home/sepehr/test_generation/Lang3b"/>
    <property name="java.vendor.url" value="http://java.oracle.com/"/>
    <property name="path.separator" value=":"/>
    <property name="guice.disable.misplaced.annotation.check" value="true"/>
    <property name="java.vm.name" value="OpenJDK 64-Bit Server VM"/>
    <property name="file.encoding.pkg" value="sun.io"/>
    <property name="user.country" value="US"/>
    <property name="sun.java.launcher" value="SUN_STANDARD"/>
    <property name="sun.os.patch.level" value="unknown"/>
    <property name="java.vm.specification.name" value="Java Virtual Machine Specification"/>
    <property name="user.dir" value="/home/sepehr/test_generation/Lang3b"/>
    <property name="java.runtime.version" value="1.8.0_312-8u312-b07-0ubuntu1~20.04-b07"/>
    <property name="java.awt.graphicsenv" value="sun.awt.X11GraphicsEnvironment"/>
    <property name="java.endorsed.dirs" value="/usr/lib/jvm/java-8-openjdk-amd64/jre/lib/endorsed"/>
    <property name="os.arch" value="amd64"/>
    <property name="java.io.tmpdir" value="/tmp"/>
    <property name="line.separator" value="
"/>
    <property name="java.vm.specification.vendor" value="Oracle Corporation"/>
    <property name="os.name" value="Linux"/>
    <property name="clover.license.path" value="/tmp/mvn1463483831979462330resource"/>
    <property name="classworlds.conf" value="/usr/share/maven/bin/m2.conf"/>
    <property name="sun.jnu.encoding" value="UTF-8"/>
    <property name="java.library.path" value="/usr/java/packages/lib/amd64:/usr/lib/x86_64-linux-gnu/jni:/lib/x86_64-linux-gnu:/usr/lib/x86_64-linux-gnu:/usr/lib/jni:/lib:/usr/lib"/>
    <property name="maven.conf" value="/usr/share/maven/conf"/>
    <property name="java.specification.name" value="Java Platform API Specification"/>
    <property name="java.class.version" value="52.0"/>
    <property name="sun.management.compiler" value="HotSpot 64-Bit Tiered Compilers"/>
    <property name="os.version" value="5.13.0-40-generic"/>
    <property name="library.jansi.path" value="/usr/share/maven/lib/jansi-native"/>
    <property name="user.home" value="/home/sepehr"/>
    <property name="user.timezone" value="America/Edmonton"/>
    <property name="java.awt.printerjob" value="sun.print.PSPrinterJob"/>
    <property name="java.specification.version" value="1.8"/>
    <property name="file.encoding" value="UTF-8"/>
    <property name="user.name" value="sepehr"/>
    <property name="java.class.path" value="/usr/share/maven/boot/plexus-classworlds-2.x.jar"/>
    <property name="java.vm.specification.version" value="1.8"/>
    <property name="sun.arch.data.model" value="64"/>
    <property name="java.home" value="/usr/lib/jvm/java-8-openjdk-amd64/jre"/>
    <property name="sun.java.command" value="org.codehaus.plexus.classworlds.launcher.Launcher clean clover:instrument test clover:clover"/>
    <property name="java.specification.vendor" value="Oracle Corporation"/>
    <property name="user.language" value="en"/>
    <property name="awt.toolkit" value="sun.awt.X11.XToolkit"/>
    <property name="java.vm.info" value="mixed mode"/>
    <property name="java.version" value="1.8.0_312"/>
    <property name="java.ext.dirs" value="/usr/lib/jvm/java-8-openjdk-amd64/jre/lib/ext:/usr/java/packages/lib/ext"/>
    <property name="securerandom.source" value="file:/dev/./urandom"/>
    <property name="sun.boot.class.path" value="/usr/lib/jvm/java-8-openjdk-amd64/jre/lib/resources.jar:/usr/lib/jvm/java-8-openjdk-amd64/jre/lib/rt.jar:/usr/lib/jvm/java-8-openjdk-amd64/jre/lib/sunrsasign.jar:/usr/lib/jvm/java-8-openjdk-amd64/jre/lib/jsse.jar:/usr/lib/jvm/java-8-openjdk-amd64/jre/lib/jce.jar:/usr/lib/jvm/java-8-openjdk-amd64/jre/lib/charsets.jar:/usr/lib/jvm/java-8-openjdk-amd64/jre/lib/jfr.jar:/usr/lib/jvm/java-8-openjdk-amd64/jre/classes"/>
    <property name="java.vendor" value="Private Build"/>
    <property name="maven.home" value="/usr/share/maven"/>
    <property name="file.separator" value="/"/>
    <property name="java.vendor.url.bug" value="http://bugreport.sun.com/bugreport/"/>
    <property name="sun.cpu.endian" value="little"/>
    <property name="sun.io.unicode.encoding" value="UnicodeLittle"/>
    <property name="sun.desktop" value="gnome"/>
    <property name="sun.cpu.isalist" value=""/>
  </properties>
  <testcase classname="org.apache.commons.lang3.StringUtilsTest" name="testJoin_IterableChar" time="0.014"/>
  <testcase classname="org.apache.commons.lang3.StringUtilsTest" name="testRightPad_StringInt" time="0.001"/>
  <testcase classname="org.apache.commons.lang3.StringUtilsTest" name="testRemovePattern" time="0"/>
  <testcase classname="org.apache.commons.lang3.StringUtilsTest" name="testDeleteWhitespace_String" time="0.001"/>
  <testcase classname="org.apache.commons.lang3.StringUtilsTest" name="testRemove_String" time="0"/>
  <testcase classname="org.apache.commons.lang3.StringUtilsTest" name="testJoin_ArrayOfShorts" time="0"/>
  <testcase classname="org.apache.commons.lang3.StringUtilsTest" name="testDifferenceAt_StringString" time="0"/>
  <testcase classname="org.apache.commons.lang3.StringUtilsTest" name="testSplitByCharacterType" time="0"/>
  <testcase classname="org.apache.commons.lang3.StringUtilsTest" name="testLengthStringBuffer" time="0.001"/>
  <testcase classname="org.apache.commons.lang3.StringUtilsTest" name="testNormalizeSpace" time="0"/>
  <testcase classname="org.apache.commons.lang3.StringUtilsTest" name="testJoin_ArrayOfInts" time="0"/>
  <testcase classname="org.apache.commons.lang3.StringUtilsTest" name="testDifferenceAt_StringArray" time="0.001"/>
  <testcase classname="org.apache.commons.lang3.StringUtilsTest" name="testRepeat_StringStringInt" time="0"/>
  <testcase classname="org.apache.commons.lang3.StringUtilsTest" name="testOverlay_StringStringIntInt" time="0.001"/>
  <testcase classname="org.apache.commons.lang3.StringUtilsTest" name="testDefaultIfBlank_StringString" time="0.001"/>
  <testcase classname="org.apache.commons.lang3.StringUtilsTest" name="testJoin_ArrayString" time="0.001"/>
  <testcase classname="org.apache.commons.lang3.StringUtilsTest" name="testReplacePattern" time="0"/>
  <testcase classname="org.apache.commons.lang3.StringUtilsTest" name="testPrependIfMissing" time="0.002"/>
  <testcase classname="org.apache.commons.lang3.StringUtilsTest" name="testIsAllLowerCase" time="0"/>
  <testcase classname="org.apache.commons.lang3.StringUtilsTest" name="testLANG666" time="0.001"/>
  <testcase classname="org.apache.commons.lang3.StringUtilsTest" name="testReverseDelimited_StringChar" time="0"/>
  <testcase classname="org.apache.commons.lang3.StringUtilsTest" name="testEscapeSurrogatePairs" time="0.008"/>
  <testcase classname="org.apache.commons.lang3.StringUtilsTest" name="testChomp" time="0.001"/>
  <testcase classname="org.apache.commons.lang3.StringUtilsTest" name="testEMPTY" time="0"/>
  <testcase classname="org.apache.commons.lang3.StringUtilsTest" name="testChop" time="0.001"/>
  <testcase classname="org.apache.commons.lang3.StringUtilsTest" name="testToString" time="0.002"/>
  <testcase classname="org.apache.commons.lang3.StringUtilsTest" name="testJoin_IterableString" time="0"/>
  <testcase classname="org.apache.commons.lang3.StringUtilsTest" name="testDefaultIfEmpty_CharBuffers" time="0.001"/>
  <testcase classname="org.apache.commons.lang3.StringUtilsTest" name="testSplitPreserveAllTokens_StringString_StringStringInt" time="0.022"/>
  <testcase classname="org.apache.commons.lang3.StringUtilsTest" name="testJoin_ArrayCharSeparator" time="0.001"/>
  <testcase classname="org.apache.commons.lang3.StringUtilsTest" name="testDefaultIfBlank_StringBuffers" time="0"/>
  <testcase classname="org.apache.commons.lang3.StringUtilsTest" name="testRemoveStart" time="0"/>
  <testcase classname="org.apache.commons.lang3.StringUtilsTest" name="testRemove_char" time="0.001"/>
  <testcase classname="org.apache.commons.lang3.StringUtilsTest" name="testReplaceChars_StringCharChar" time="0"/>
  <testcase classname="org.apache.commons.lang3.StringUtilsTest" name="testAbbreviateMiddle" time="0.001"/>
  <testcase classname="org.apache.commons.lang3.StringUtilsTest" name="testIsAllUpperCase" time="0.001"/>
  <testcase classname="org.apache.commons.lang3.StringUtilsTest" name="testRemoveEndIgnoreCase" time="0"/>
  <testcase classname="org.apache.commons.lang3.StringUtilsTest" name="testAppendIfMissingIgnoreCase" time="0.001"/>
  <testcase classname="org.apache.commons.lang3.StringUtilsTest" name="testCenter_StringIntChar" time="0"/>
  <testcase classname="org.apache.commons.lang3.StringUtilsTest" name="testDefaultIfEmpty_StringBuffers" time="0.001"/>
  <testcase classname="org.apache.commons.lang3.StringUtilsTest" name="testReplaceChars_StringStringString" time="0"/>
  <testcase classname="org.apache.commons.lang3.StringUtilsTest" name="testLeftPad_StringIntString" time="0.001"/>
  <testcase classname="org.apache.commons.lang3.StringUtilsTest" name="testLang623" time="0"/>
  <testcase classname="org.apache.commons.lang3.StringUtilsTest" name="testAppendIfMissing" time="0.001"/>
  <testcase classname="org.apache.commons.lang3.StringUtilsTest" name="testSplitPreserveAllTokens_StringChar" time="0"/>
  <testcase classname="org.apache.commons.lang3.StringUtilsTest" name="testGetLevenshteinDistance_StringStringInt" time="0.001"/>
  <testcase classname="org.apache.commons.lang3.StringUtilsTest" name="testDefaultIfEmpty_StringString" time="0"/>
  <testcase classname="org.apache.commons.lang3.StringUtilsTest" name="testUnescapeSurrogatePairs" time="0.001"/>
  <testcase classname="org.apache.commons.lang3.StringUtilsTest" name="testCenter_StringInt" time="0"/>
  <testcase classname="org.apache.commons.lang3.StringUtilsTest" name="testLength_CharBuffer" time="0"/>
  <testcase classname="org.apache.commons.lang3.StringUtilsTest" name="testGetCommonPrefix_StringArray" time="0.001"/>
  <testcase classname="org.apache.commons.lang3.StringUtilsTest" name="testSplit_String" time="0.001"/>
  <testcase classname="org.apache.commons.lang3.StringUtilsTest" name="testLengthString" time="0.001"/>
  <testcase classname="org.apache.commons.lang3.StringUtilsTest" name="testDefault_String" time="0"/>
  <testcase classname="org.apache.commons.lang3.StringUtilsTest" name="testLeftPad_StringIntChar" time="0.006"/>
  <testcase classname="org.apache.commons.lang3.StringUtilsTest" name="testRepeat_StringInt" time="0.003"/>
  <testcase classname="org.apache.commons.lang3.StringUtilsTest" name="testAbbreviate_StringInt" time="0.001"/>
  <testcase classname="org.apache.commons.lang3.StringUtilsTest" name="testDefaultIfBlank_StringBuilders" time="0"/>
  <testcase classname="org.apache.commons.lang3.StringUtilsTest" name="testDefault_StringString" time="0.001"/>
  <testcase classname="org.apache.commons.lang3.StringUtilsTest" name="testLengthStringBuilder" time="0"/>
  <testcase classname="org.apache.commons.lang3.StringUtilsTest" name="testJoin_IteratorString" time="0.001"/>
  <testcase classname="org.apache.commons.lang3.StringUtilsTest" name="testRightPad_StringIntChar" time="0.003"/>
  <testcase classname="org.apache.commons.lang3.StringUtilsTest" name="testJoin_ArrayOfDoubles" time="0.002"/>
  <testcase classname="org.apache.commons.lang3.StringUtilsTest" name="testGetLevenshteinDistance_StringString" time="0"/>
  <testcase classname="org.apache.commons.lang3.StringUtilsTest" name="testJoin_Objectarray" time="0.001"/>
  <testcase classname="org.apache.commons.lang3.StringUtilsTest" name="testAbbreviate_StringIntInt" time="0"/>
  <testcase classname="org.apache.commons.lang3.StringUtilsTest" name="testReplace_StringStringArrayStringArray" time="0.001"/>
  <testcase classname="org.apache.commons.lang3.StringUtilsTest" name="testEscapeSurrogatePairsLang858" time="0.002"/>
  <testcase classname="org.apache.commons.lang3.StringUtilsTest" name="testSplitPreserveAllTokens_String" time="0"/>
  <testcase classname="org.apache.commons.lang3.StringUtilsTest" name="testReplaceOnce_StringStringString" time="0"/>
  <testcase classname="org.apache.commons.lang3.StringUtilsTest" name="testStringUtilsCharSequenceContract" time="0.002"/>
  <testcase classname="org.apache.commons.lang3.StringUtilsTest" name="testJoin_IteratorChar" time="0.001"/>
  <testcase classname="org.apache.commons.lang3.StringUtilsTest" name="testReverse_String" time="0"/>
  <testcase classname="org.apache.commons.lang3.StringUtilsTest" name="testReplace_StringStringString" time="0.002"/>
  <testcase classname="org.apache.commons.lang3.StringUtilsTest" name="testSplitByWholeSeparatorPreserveAllTokens_StringStringInt" time="0.001"/>
  <testcase classname="org.apache.commons.lang3.StringUtilsTest" name="testCaseFunctions" time="0.001"/>
  <testcase classname="org.apache.commons.lang3.StringUtilsTest" name="testSplitByWholeString_StringStringBooleanInt" time="0"/>
  <testcase classname="org.apache.commons.lang3.StringUtilsTest" name="testSplitByWholeString_StringStringBoolean" time="0.001"/>
  <testcase classname="org.apache.commons.lang3.StringUtilsTest" name="testDefaultIfEmpty_StringBuilders" time="0.001"/>
  <testcase classname="org.apache.commons.lang3.StringUtilsTest" name="testDifference_StringString" time="0.001"/>
  <testcase classname="org.apache.commons.lang3.StringUtilsTest" name="testLeftPad_StringInt" time="0"/>
  <testcase classname="org.apache.commons.lang3.StringUtilsTest" name="testDefaultIfBlank_CharBuffers" time="0.001"/>
  <testcase classname="org.apache.commons.lang3.StringUtilsTest" name="testPrependIfMissingIgnoreCase" time="0.004"/>
  <testcase classname="org.apache.commons.lang3.StringUtilsTest" name="testReplace_StringStringArrayStringArrayBoolean" time="0.001"/>
  <testcase classname="org.apache.commons.lang3.StringUtilsTest" name="testSplit_StringChar" time="0.001"/>
  <testcase classname="org.apache.commons.lang3.StringUtilsTest" name="testRightPad_StringIntString" time="0"/>
  <testcase classname="org.apache.commons.lang3.StringUtilsTest" name="testSwapCase_String" time="0.003"/>
  <testcase classname="org.apache.commons.lang3.StringUtilsTest" name="testRemoveStartIgnoreCase" time="0"/>
  <testcase classname="org.apache.commons.lang3.StringUtilsTest" name="testSplit_StringString_StringStringInt" time="0.015"/>
  <testcase classname="org.apache.commons.lang3.StringUtilsTest" name="testJoin_ArrayOfBytes" time="0.001"/>
  <testcase classname="org.apache.commons.lang3.StringUtilsTest" name="testJoin_ArrayOfChars" time="0"/>
  <testcase classname="org.apache.commons.lang3.StringUtilsTest" name="testJoin_ArrayOfLongs" time="0.001"/>
  <testcase classname="org.apache.commons.lang3.StringUtilsTest" name="testJoin_Objects" time="0.001"/>
  <testcase classname="org.apache.commons.lang3.StringUtilsTest" name="testRemoveEnd" time="0"/>
  <testcase classname="org.apache.commons.lang3.StringUtilsTest" name="testJoin_ArrayOfFloats" time="0.001"/>
  <testcase classname="org.apache.commons.lang3.StringUtilsTest" name="testCenter_StringIntString" time="0"/>
  <testcase classname="org.apache.commons.lang3.StringUtilsTest" name="testConstructor" time="0.001"/>
  <testcase classname="org.apache.commons.lang3.StringUtilsTest" name="testSplitByCharacterTypeCamelCase" time="0"/>
  <testcase classname="org.apache.commons.lang3.StringUtilsTest" name="testReplace_StringStringStringInt" time="0"/>
</testsuite>