<?xml version="1.0" encoding="UTF-8" ?>
<testsuite tests="146" failures="0" name="org.apache.commons.lang3.ArrayUtilsTest" time="0.165" errors="0" skipped="0">
  <properties>
    <property name="java.runtime.name" value="OpenJDK Runtime Environment"/>
    <property name="sun.boot.library.path" value="/usr/lib/jvm/java-8-openjdk-amd64/jre/lib/amd64"/>
    <property name="java.vm.version" value="25.312-b07"/>
    <property name="java.vm.vendor" value="Private Build"/>
    <property name="maven.multiModuleProjectDirectory" value="/home/sepehr/test_generation/Lang3b"/>
    <property name="java.vendor.url" value="http://java.oracle.com/"/>
    <property name="path.separator" value=":"/>
    <property name="guice.disable.misplaced.annotation.check" value="true"/>
    <property name="java.vm.name" value="OpenJDK 64-Bit Server VM"/>
    <property name="file.encoding.pkg" value="sun.io"/>
    <property name="user.country" value="US"/>
    <property name="sun.java.launcher" value="SUN_STANDARD"/>
    <property name="sun.os.patch.level" value="unknown"/>
    <property name="java.vm.specification.name" value="Java Virtual Machine Specification"/>
    <property name="user.dir" value="/home/sepehr/test_generation/Lang3b"/>
    <property name="java.runtime.version" value="1.8.0_312-8u312-b07-0ubuntu1~20.04-b07"/>
    <property name="java.awt.graphicsenv" value="sun.awt.X11GraphicsEnvironment"/>
    <property name="java.endorsed.dirs" value="/usr/lib/jvm/java-8-openjdk-amd64/jre/lib/endorsed"/>
    <property name="os.arch" value="amd64"/>
    <property name="java.io.tmpdir" value="/tmp"/>
    <property name="line.separator" value="
"/>
    <property name="java.vm.specification.vendor" value="Oracle Corporation"/>
    <property name="os.name" value="Linux"/>
    <property name="clover.license.path" value="/tmp/mvn1463483831979462330resource"/>
    <property name="classworlds.conf" value="/usr/share/maven/bin/m2.conf"/>
    <property name="sun.jnu.encoding" value="UTF-8"/>
    <property name="java.library.path" value="/usr/java/packages/lib/amd64:/usr/lib/x86_64-linux-gnu/jni:/lib/x86_64-linux-gnu:/usr/lib/x86_64-linux-gnu:/usr/lib/jni:/lib:/usr/lib"/>
    <property name="maven.conf" value="/usr/share/maven/conf"/>
    <property name="java.specification.name" value="Java Platform API Specification"/>
    <property name="java.class.version" value="52.0"/>
    <property name="sun.management.compiler" value="HotSpot 64-Bit Tiered Compilers"/>
    <property name="os.version" value="5.13.0-40-generic"/>
    <property name="library.jansi.path" value="/usr/share/maven/lib/jansi-native"/>
    <property name="user.home" value="/home/sepehr"/>
    <property name="user.timezone" value="America/Edmonton"/>
    <property name="java.awt.printerjob" value="sun.print.PSPrinterJob"/>
    <property name="java.specification.version" value="1.8"/>
    <property name="file.encoding" value="UTF-8"/>
    <property name="user.name" value="sepehr"/>
    <property name="java.class.path" value="/usr/share/maven/boot/plexus-classworlds-2.x.jar"/>
    <property name="java.vm.specification.version" value="1.8"/>
    <property name="sun.arch.data.model" value="64"/>
    <property name="java.home" value="/usr/lib/jvm/java-8-openjdk-amd64/jre"/>
    <property name="sun.java.command" value="org.codehaus.plexus.classworlds.launcher.Launcher clean clover:instrument test clover:clover"/>
    <property name="java.specification.vendor" value="Oracle Corporation"/>
    <property name="user.language" value="en"/>
    <property name="awt.toolkit" value="sun.awt.X11.XToolkit"/>
    <property name="java.vm.info" value="mixed mode"/>
    <property name="java.version" value="1.8.0_312"/>
    <property name="java.ext.dirs" value="/usr/lib/jvm/java-8-openjdk-amd64/jre/lib/ext:/usr/java/packages/lib/ext"/>
    <property name="securerandom.source" value="file:/dev/./urandom"/>
    <property name="sun.boot.class.path" value="/usr/lib/jvm/java-8-openjdk-amd64/jre/lib/resources.jar:/usr/lib/jvm/java-8-openjdk-amd64/jre/lib/rt.jar:/usr/lib/jvm/java-8-openjdk-amd64/jre/lib/sunrsasign.jar:/usr/lib/jvm/java-8-openjdk-amd64/jre/lib/jsse.jar:/usr/lib/jvm/java-8-openjdk-amd64/jre/lib/jce.jar:/usr/lib/jvm/java-8-openjdk-amd64/jre/lib/charsets.jar:/usr/lib/jvm/java-8-openjdk-amd64/jre/lib/jfr.jar:/usr/lib/jvm/java-8-openjdk-amd64/jre/classes"/>
    <property name="java.vendor" value="Private Build"/>
    <property name="maven.home" value="/usr/share/maven"/>
    <property name="file.separator" value="/"/>
    <property name="java.vendor.url.bug" value="http://bugreport.sun.com/bugreport/"/>
    <property name="sun.cpu.endian" value="little"/>
    <property name="sun.io.unicode.encoding" value="UnicodeLittle"/>
    <property name="sun.desktop" value="gnome"/>
    <property name="sun.cpu.isalist" value=""/>
  </properties>
  <testcase classname="org.apache.commons.lang3.ArrayUtilsTest" name="testNullToEmptyCharObject" time="0.044"/>
  <testcase classname="org.apache.commons.lang3.ArrayUtilsTest" name="testToPrimitive_double_double" time="0"/>
  <testcase classname="org.apache.commons.lang3.ArrayUtilsTest" name="testNullToEmptyDoubleObject" time="0"/>
  <testcase classname="org.apache.commons.lang3.ArrayUtilsTest" name="testSubarrayBoolean" time="0.004"/>
  <testcase classname="org.apache.commons.lang3.ArrayUtilsTest" name="testNullToEmptyBoolean" time="0.001"/>
  <testcase classname="org.apache.commons.lang3.ArrayUtilsTest" name="testNullToEmptyInt" time="0.001"/>
  <testcase classname="org.apache.commons.lang3.ArrayUtilsTest" name="testToPrimitive_float" time="0.001"/>
  <testcase classname="org.apache.commons.lang3.ArrayUtilsTest" name="testToPrimitive_short" time="0.001"/>
  <testcase classname="org.apache.commons.lang3.ArrayUtilsTest" name="testNullToEmptyByte" time="0.001"/>
  <testcase classname="org.apache.commons.lang3.ArrayUtilsTest" name="testNullToEmptyChar" time="0.001"/>
  <testcase classname="org.apache.commons.lang3.ArrayUtilsTest" name="testNullToEmptyLong" time="0.001"/>
  <testcase classname="org.apache.commons.lang3.ArrayUtilsTest" name="testNullToEmptyDouble" time="0.001"/>
  <testcase classname="org.apache.commons.lang3.ArrayUtilsTest" name="testContainsDoubleTolerance" time="0.001"/>
  <testcase classname="org.apache.commons.lang3.ArrayUtilsTest" name="testToPrimitive_byte_byte" time="0.001"/>
  <testcase classname="org.apache.commons.lang3.ArrayUtilsTest" name="testToPrimitive_short_short" time="0.001"/>
  <testcase classname="org.apache.commons.lang3.ArrayUtilsTest" name="testLastIndexOfShortWithStartIndex" time="0.001"/>
  <testcase classname="org.apache.commons.lang3.ArrayUtilsTest" name="testIndexOfDoubleWithStartIndex" time="0.001"/>
  <testcase classname="org.apache.commons.lang3.ArrayUtilsTest" name="testSameType" time="0.001"/>
  <testcase classname="org.apache.commons.lang3.ArrayUtilsTest" name="testArrayCreation" time="0.001"/>
  <testcase classname="org.apache.commons.lang3.ArrayUtilsTest" name="testIndexOfBoolean" time="0"/>
  <testcase classname="org.apache.commons.lang3.ArrayUtilsTest" name="testNullToEmptyObject" time="0.001"/>
  <testcase classname="org.apache.commons.lang3.ArrayUtilsTest" name="testReverseInt" time="0"/>
  <testcase classname="org.apache.commons.lang3.ArrayUtilsTest" name="testLastIndexOfDouble" time="0.001"/>
  <testcase classname="org.apache.commons.lang3.ArrayUtilsTest" name="testNullToEmptyString" time="0.001"/>
  <testcase classname="org.apache.commons.lang3.ArrayUtilsTest" name="testNullToEmptyShortObject" time="0.003"/>
  <testcase classname="org.apache.commons.lang3.ArrayUtilsTest" name="testIsEmptyPrimitives" time="0"/>
  <testcase classname="org.apache.commons.lang3.ArrayUtilsTest" name="testClone" time="0"/>
  <testcase classname="org.apache.commons.lang3.ArrayUtilsTest" name="testSameLengthInt" time="0.001"/>
  <testcase classname="org.apache.commons.lang3.ArrayUtilsTest" name="testToMap" time="0.001"/>
  <testcase classname="org.apache.commons.lang3.ArrayUtilsTest" name="testLastIndexOf" time="0.001"/>
  <testcase classname="org.apache.commons.lang3.ArrayUtilsTest" name="testReverseDouble" time="0.001"/>
  <testcase classname="org.apache.commons.lang3.ArrayUtilsTest" name="testContainsByte" time="0.002"/>
  <testcase classname="org.apache.commons.lang3.ArrayUtilsTest" name="testContainsChar" time="0"/>
  <testcase classname="org.apache.commons.lang3.ArrayUtilsTest" name="testContainsLong" time="0"/>
  <testcase classname="org.apache.commons.lang3.ArrayUtilsTest" name="testIndexOfLongWithStartIndex" time="0.001"/>
  <testcase classname="org.apache.commons.lang3.ArrayUtilsTest" name="testToPrimitive_boolean" time="0.001"/>
  <testcase classname="org.apache.commons.lang3.ArrayUtilsTest" name="testLastIndexOfByte" time="0.001"/>
  <testcase classname="org.apache.commons.lang3.ArrayUtilsTest" name="testLastIndexOfChar" time="0"/>
  <testcase classname="org.apache.commons.lang3.ArrayUtilsTest" name="testLastIndexOfLong" time="0.001"/>
  <testcase classname="org.apache.commons.lang3.ArrayUtilsTest" name="testToString" time="0.006"/>
  <testcase classname="org.apache.commons.lang3.ArrayUtilsTest" name="testCloneDouble" time="0.001"/>
  <testcase classname="org.apache.commons.lang3.ArrayUtilsTest" name="testIndexOfDoubleTolerance" time="0.001"/>
  <testcase classname="org.apache.commons.lang3.ArrayUtilsTest" name="testIndexOfByteWithStartIndex" time="0.001"/>
  <testcase classname="org.apache.commons.lang3.ArrayUtilsTest" name="testToPrimitive_double" time="0.001"/>
  <testcase classname="org.apache.commons.lang3.ArrayUtilsTest" name="testSubarrayFloat" time="0.001"/>
  <testcase classname="org.apache.commons.lang3.ArrayUtilsTest" name="testSubarrayShort" time="0"/>
  <testcase classname="org.apache.commons.lang3.ArrayUtilsTest" name="testLastIndexOfBoolean" time="0"/>
  <testcase classname="org.apache.commons.lang3.ArrayUtilsTest" name="testSubarrayInt" time="0.001"/>
  <testcase classname="org.apache.commons.lang3.ArrayUtilsTest" name="testLastIndexOfIntWithStartIndex" time="0"/>
  <testcase classname="org.apache.commons.lang3.ArrayUtilsTest" name="testArrayCreationWithDifferentTypes" time="0.001"/>
  <testcase classname="org.apache.commons.lang3.ArrayUtilsTest" name="testIndexOfDoubleWithStartIndexTolerance" time="0.001"/>
  <testcase classname="org.apache.commons.lang3.ArrayUtilsTest" name="testArrayCreationWithGeneralReturnType" time="0"/>
  <testcase classname="org.apache.commons.lang3.ArrayUtilsTest" name="testContainsInt" time="0.001"/>
  <testcase classname="org.apache.commons.lang3.ArrayUtilsTest" name="testLastIndexOfDoubleWithStartIndexTolerance" time="0"/>
  <testcase classname="org.apache.commons.lang3.ArrayUtilsTest" name="testToObject_double" time="0.001"/>
  <testcase classname="org.apache.commons.lang3.ArrayUtilsTest" name="testLastIndexOfInt" time="0.001"/>
  <testcase classname="org.apache.commons.lang3.ArrayUtilsTest" name="testSubarrayByte" time="0"/>
  <testcase classname="org.apache.commons.lang3.ArrayUtilsTest" name="testSubarrayLong" time="0.001"/>
  <testcase classname="org.apache.commons.lang3.ArrayUtilsTest" name="testSubarrChar" time="0.001"/>
  <testcase classname="org.apache.commons.lang3.ArrayUtilsTest" name="testIsNotEmptyPrimitives" time="0.001"/>
  <testcase classname="org.apache.commons.lang3.ArrayUtilsTest" name="testToObject_byte" time="0"/>
  <testcase classname="org.apache.commons.lang3.ArrayUtilsTest" name="testToObject_char" time="0.001"/>
  <testcase classname="org.apache.commons.lang3.ArrayUtilsTest" name="testToObject_long" time="0.001"/>
  <testcase classname="org.apache.commons.lang3.ArrayUtilsTest" name="testNullToEmptyFloat" time="0"/>
  <testcase classname="org.apache.commons.lang3.ArrayUtilsTest" name="testToPrimitive_float_float" time="0"/>
  <testcase classname="org.apache.commons.lang3.ArrayUtilsTest" name="testNullToEmptyShort" time="0.001"/>
  <testcase classname="org.apache.commons.lang3.ArrayUtilsTest" name="testLastIndexOfLongWithStartIndex" time="0"/>
  <testcase classname="org.apache.commons.lang3.ArrayUtilsTest" name="testContainsFloat" time="0.001"/>
  <testcase classname="org.apache.commons.lang3.ArrayUtilsTest" name="testContainsShort" time="0.001"/>
  <testcase classname="org.apache.commons.lang3.ArrayUtilsTest" name="testIsNotEmptyObject" time="0"/>
  <testcase classname="org.apache.commons.lang3.ArrayUtilsTest" name="testToObject_int" time="0.001"/>
  <testcase classname="org.apache.commons.lang3.ArrayUtilsTest" name="testContainsBoolean" time="0"/>
  <testcase classname="org.apache.commons.lang3.ArrayUtilsTest" name="testIndexOfInt" time="0"/>
  <testcase classname="org.apache.commons.lang3.ArrayUtilsTest" name="testIndexOfFloat" time="0.001"/>
  <testcase classname="org.apache.commons.lang3.ArrayUtilsTest" name="testIndexOfFloatWithStartIndex" time="0.001"/>
  <testcase classname="org.apache.commons.lang3.ArrayUtilsTest" name="testCloneByte" time="0"/>
  <testcase classname="org.apache.commons.lang3.ArrayUtilsTest" name="testCloneChar" time="0.001"/>
  <testcase classname="org.apache.commons.lang3.ArrayUtilsTest" name="testCloneLong" time="0.001"/>
  <testcase classname="org.apache.commons.lang3.ArrayUtilsTest" name="testIndexOfShort" time="0"/>
  <testcase classname="org.apache.commons.lang3.ArrayUtilsTest" name="testIsEquals" time="0.001"/>
  <testcase classname="org.apache.commons.lang3.ArrayUtilsTest" name="testEmptyArrayCreation" time="0.001"/>
  <testcase classname="org.apache.commons.lang3.ArrayUtilsTest" name="testIndexOfCharWithStartIndex" time="0.001"/>
  <testcase classname="org.apache.commons.lang3.ArrayUtilsTest" name="testLastIndexOfByteWithStartIndex" time="0"/>
  <testcase classname="org.apache.commons.lang3.ArrayUtilsTest" name="testContains" time="0.001"/>
  <testcase classname="org.apache.commons.lang3.ArrayUtilsTest" name="testToPrimitive_int" time="0.001"/>
  <testcase classname="org.apache.commons.lang3.ArrayUtilsTest" name="testNullToEmptyFloatObject" time="0"/>
  <testcase classname="org.apache.commons.lang3.ArrayUtilsTest" name="testCloneBoolean" time="0.001"/>
  <testcase classname="org.apache.commons.lang3.ArrayUtilsTest" name="testIndirectArrayCreation" time="0"/>
  <testcase classname="org.apache.commons.lang3.ArrayUtilsTest" name="testToObject_boolean" time="0.001"/>
  <testcase classname="org.apache.commons.lang3.ArrayUtilsTest" name="testSameLengthDouble" time="0"/>
  <testcase classname="org.apache.commons.lang3.ArrayUtilsTest" name="testToPrimitive_long_long" time="0.001"/>
  <testcase classname="org.apache.commons.lang3.ArrayUtilsTest" name="testIndexOfBooleanWithStartIndex" time="0.001"/>
  <testcase classname="org.apache.commons.lang3.ArrayUtilsTest" name="testIndexOfByte" time="0"/>
  <testcase classname="org.apache.commons.lang3.ArrayUtilsTest" name="testIndexOfChar" time="0.001"/>
  <testcase classname="org.apache.commons.lang3.ArrayUtilsTest" name="testIndexOfLong" time="0.001"/>
  <testcase classname="org.apache.commons.lang3.ArrayUtilsTest" name="testNullToEmptyLongObject" time="0.001"/>
  <testcase classname="org.apache.commons.lang3.ArrayUtilsTest" name="testReverse" time="0.001"/>
  <testcase classname="org.apache.commons.lang3.ArrayUtilsTest" name="testLastIndexOfDoubleTolerance" time="0.001"/>
  <testcase classname="org.apache.commons.lang3.ArrayUtilsTest" name="testToPrimitive_intNull" time="0.001"/>
  <testcase classname="org.apache.commons.lang3.ArrayUtilsTest" name="testToPrimitive_int_int" time="0"/>
  <testcase classname="org.apache.commons.lang3.ArrayUtilsTest" name="testSubarrayDouble" time="0.001"/>
  <testcase classname="org.apache.commons.lang3.ArrayUtilsTest" name="testReverseByte" time="0.001"/>
  <testcase classname="org.apache.commons.lang3.ArrayUtilsTest" name="testReverseChar" time="0.001"/>
  <testcase classname="org.apache.commons.lang3.ArrayUtilsTest" name="testReverseLong" time="0"/>
  <testcase classname="org.apache.commons.lang3.ArrayUtilsTest" name="testHashCode" time="0.003"/>
  <testcase classname="org.apache.commons.lang3.ArrayUtilsTest" name="testReverseFloat" time="0.001"/>
  <testcase classname="org.apache.commons.lang3.ArrayUtilsTest" name="testLastIndexOfWithStartIndex" time="0.001"/>
  <testcase classname="org.apache.commons.lang3.ArrayUtilsTest" name="testReverseShort" time="0"/>
  <testcase classname="org.apache.commons.lang3.ArrayUtilsTest" name="testIndexOfDouble" time="0.001"/>
  <testcase classname="org.apache.commons.lang3.ArrayUtilsTest" name="testLastIndexOfBooleanWithStartIndex" time="0.001"/>
  <testcase classname="org.apache.commons.lang3.ArrayUtilsTest" name="testLastIndexOfFloatWithStartIndex" time="0.001"/>
  <testcase classname="org.apache.commons.lang3.ArrayUtilsTest" name="testSameLengthFloat" time="0"/>
  <testcase classname="org.apache.commons.lang3.ArrayUtilsTest" name="testSubarrayObject" time="0.01"/>
  <testcase classname="org.apache.commons.lang3.ArrayUtilsTest" name="testSameLengthShort" time="0"/>
  <testcase classname="org.apache.commons.lang3.ArrayUtilsTest" name="testLastIndexOfCharWithStartIndex" time="0.001"/>
  <testcase classname="org.apache.commons.lang3.ArrayUtilsTest" name="testNullToEmptyIntObject" time="0.001"/>
  <testcase classname="org.apache.commons.lang3.ArrayUtilsTest" name="testToObject_float" time="0.001"/>
  <testcase classname="org.apache.commons.lang3.ArrayUtilsTest" name="testToObject_short" time="0.001"/>
  <testcase classname="org.apache.commons.lang3.ArrayUtilsTest" name="testGetLength" time="0.001"/>
  <testcase classname="org.apache.commons.lang3.ArrayUtilsTest" name="testLastIndexOfDoubleWithStartIndex" time="0"/>
  <testcase classname="org.apache.commons.lang3.ArrayUtilsTest" name="testSameLengthByte" time="0"/>
  <testcase classname="org.apache.commons.lang3.ArrayUtilsTest" name="testSameLengthChar" time="0.001"/>
  <testcase classname="org.apache.commons.lang3.ArrayUtilsTest" name="testSameLengthLong" time="0.001"/>
  <testcase classname="org.apache.commons.lang3.ArrayUtilsTest" name="testLastIndexOfFloat" time="0.001"/>
  <testcase classname="org.apache.commons.lang3.ArrayUtilsTest" name="testLastIndexOfShort" time="0.001"/>
  <testcase classname="org.apache.commons.lang3.ArrayUtilsTest" name="testCloneFloat" time="0"/>
  <testcase classname="org.apache.commons.lang3.ArrayUtilsTest" name="testCloneShort" time="0"/>
  <testcase classname="org.apache.commons.lang3.ArrayUtilsTest" name="testToPrimitive_byte" time="0.001"/>
  <testcase classname="org.apache.commons.lang3.ArrayUtilsTest" name="testToPrimitive_char" time="0.001"/>
  <testcase classname="org.apache.commons.lang3.ArrayUtilsTest" name="testToPrimitive_long" time="0.001"/>
  <testcase classname="org.apache.commons.lang3.ArrayUtilsTest" name="testIsEmptyObject" time="0.001"/>
  <testcase classname="org.apache.commons.lang3.ArrayUtilsTest" name="testIndexOf" time="0"/>
  <testcase classname="org.apache.commons.lang3.ArrayUtilsTest" name="testIndexOfShortWithStartIndex" time="0.001"/>
  <testcase classname="org.apache.commons.lang3.ArrayUtilsTest" name="testSameLength" time="0"/>
  <testcase classname="org.apache.commons.lang3.ArrayUtilsTest" name="testIndexOfIntWithStartIndex" time="0"/>
  <testcase classname="org.apache.commons.lang3.ArrayUtilsTest" name="testCloneInt" time="0.001"/>
  <testcase classname="org.apache.commons.lang3.ArrayUtilsTest" name="testNullToEmptyByteObject" time="0.001"/>
  <testcase classname="org.apache.commons.lang3.ArrayUtilsTest" name="testSameLengthBoolean" time="0.001"/>
  <testcase classname="org.apache.commons.lang3.ArrayUtilsTest" name="testToPrimitive_char_char" time="0"/>
  <testcase classname="org.apache.commons.lang3.ArrayUtilsTest" name="testIndirectEmptyArrayCreation" time="0.001"/>
  <testcase classname="org.apache.commons.lang3.ArrayUtilsTest" name="testReverseBoolean" time="0.001"/>
  <testcase classname="org.apache.commons.lang3.ArrayUtilsTest" name="testToPrimitive_boolean_boolean" time="0"/>
  <testcase classname="org.apache.commons.lang3.ArrayUtilsTest" name="testNullToEmptyBooleanObject" time="0"/>
  <testcase classname="org.apache.commons.lang3.ArrayUtilsTest" name="testConstructor" time="0.001"/>
  <testcase classname="org.apache.commons.lang3.ArrayUtilsTest" name="testIndexOfWithStartIndex" time="0"/>
  <testcase classname="org.apache.commons.lang3.ArrayUtilsTest" name="testContainsDouble" time="0"/>
</testsuite>